<?xml version="1.0" encoding="UTF-8"?>
<testng-results ignored="0" total="1" passed="1" failed="0" skipped="0">
  <reporter-output>
  </reporter-output>
  <suite started-at="2023-08-03T02:30:56 BDT" name="Default suite" finished-at="2023-08-03T02:31:14 BDT" duration-ms="17498">
    <groups>
    </groups>
    <test started-at="2023-08-03T02:30:56 BDT" name="Default test" finished-at="2023-08-03T02:31:14 BDT" duration-ms="17498">
      <class name="com.it.web3.CopyAndPasteHandling">
        <test-method is-config="true" signature="Start()[pri:0, instance:com.it.web3.CopyAndPasteHandling@53fb3dab]" started-at="2023-08-03T02:30:54 BDT" name="Start" finished-at="2023-08-03T02:30:56 BDT" duration-ms="2627" status="PASS">
          <reporter-output>
          </reporter-output>
        </test-method> <!-- Start -->
        <test-method signature="webElementsTest()[pri:0, instance:com.it.web3.CopyAndPasteHandling@53fb3dab]" started-at="2023-08-03T02:30:56 BDT" name="webElementsTest" finished-at="2023-08-03T02:31:14 BDT" duration-ms="17479" status="PASS">
          <reporter-output>
          </reporter-output>
        </test-method> <!-- webElementsTest -->
        <test-method is-config="true" signature="close()[pri:0, instance:com.it.web3.CopyAndPasteHandling@53fb3dab]" started-at="2023-08-03T02:31:14 BDT" name="close" finished-at="2023-08-03T02:31:14 BDT" duration-ms="92" status="PASS">
          <reporter-output>
          </reporter-output>
        </test-method> <!-- close -->
      </class> <!-- com.it.web3.CopyAndPasteHandling -->
    </test> <!-- Default test -->
  </suite> <!-- Default suite -->
</testng-results>
